<?xml version="1.0" encoding="UTF-8"?>
<testsuite name="com.whodo.whodo.WhodoApplicationTests" tests="1" skipped="0" failures="0" errors="0" timestamp="2024-05-11T07:36:49" hostname="14afa8228c68" time="1.217">
  <properties/>
  <testcase name="contextLoads()" classname="com.whodo.whodo.WhodoApplicationTests" time="1.217"/>
  <system-out><![CDATA[07:36:46.790 [Test worker] INFO org.springframework.test.context.support.AnnotationConfigContextLoaderUtils -- Could not detect default configuration classes for test class [com.whodo.whodo.WhodoApplicationTests]: WhodoApplicationTests does not declare any static, non-private, non-final, nested classes annotated with @Configuration.
07:36:46.931 [Test worker] INFO org.springframework.boot.test.context.SpringBootTestContextBootstrapper -- Found @SpringBootConfiguration com.whodo.whodo.WhodoApplication for test class com.whodo.whodo.WhodoApplicationTests

  .   ____          _            __ _ _
 /\\ / ___'_ __ _ _(_)_ __  __ _ \ \ \ \
( ( )\___ | '_ | '_| | '_ \/ _` | \ \ \ \
 \\/  ___)| |_)| | | | | || (_| |  ) ) ) )
  '  |____| .__|_| |_|_| |_\__, | / / / /
 =========|_|==============|___/=/_/_/_/
 :: Spring Boot ::                (v3.2.5)

2024-05-11T07:36:47.435Z  INFO 23786 --- [whodo-backend] [    Test worker] com.whodo.whodo.WhodoApplicationTests    : Starting WhodoApplicationTests using Java 21.0.2 with PID 23786 (started by vscode in /workspaces/whodo-backend)
2024-05-11T07:36:47.437Z  INFO 23786 --- [whodo-backend] [    Test worker] com.whodo.whodo.WhodoApplicationTests    : No active profile set, falling back to 1 default profile: "default"
2024-05-11T07:36:48.861Z  INFO 23786 --- [whodo-backend] [    Test worker] o.s.b.a.w.s.WelcomePageHandlerMapping    : Adding welcome page template: index
2024-05-11T07:36:49.166Z  INFO 23786 --- [whodo-backend] [    Test worker] o.s.s.web.DefaultSecurityFilterChain     : Will secure any request with [org.springframework.security.web.session.DisableEncodeUrlFilter@3e377967, org.springframework.security.web.context.request.async.WebAsyncManagerIntegrationFilter@4dadd690, org.springframework.security.web.context.SecurityContextHolderFilter@5f7eee96, org.springframework.security.web.header.HeaderWriterFilter@7944b8b4, org.springframework.web.filter.CorsFilter@707e4fe4, org.springframework.security.web.csrf.CsrfFilter@144ab983, org.springframework.security.web.authentication.logout.LogoutFilter@9b23822, org.springframework.security.web.authentication.UsernamePasswordAuthenticationFilter@51efb731, org.springframework.security.web.authentication.ui.DefaultLoginPageGeneratingFilter@180b3819, org.springframework.security.web.authentication.ui.DefaultLogoutPageGeneratingFilter@3281dfc2, org.springframework.security.web.authentication.www.BasicAuthenticationFilter@43ecfeb5, org.springframework.security.web.savedrequest.RequestCacheAwareFilter@53f0d09c, org.springframework.security.web.servletapi.SecurityContextHolderAwareRequestFilter@47acd13b, org.springframework.security.web.authentication.AnonymousAuthenticationFilter@377874b4, org.springframework.security.web.access.ExceptionTranslationFilter@43cb5f38, org.springframework.security.web.access.intercept.AuthorizationFilter@5a058be5]
2024-05-11T07:36:49.597Z  INFO 23786 --- [whodo-backend] [    Test worker] com.whodo.whodo.WhodoApplicationTests    : Started WhodoApplicationTests in 2.491 seconds (process running for 4.076)
]]></system-out>
  <system-err><![CDATA[WARNING: A Java agent has been loaded dynamically (/home/vscode/.gradle/caches/modules-2/files-2.1/net.bytebuddy/byte-buddy-agent/1.14.13/979ce25f7d3096a2e82214ba7dc972a05ce7a171/byte-buddy-agent-1.14.13.jar)
WARNING: If a serviceability tool is in use, please run with -XX:+EnableDynamicAgentLoading to hide this warning
WARNING: If a serviceability tool is not in use, please run with -Djdk.instrument.traceUsage for more information
WARNING: Dynamic loading of agents will be disallowed by default in a future release
]]></system-err>
</testsuite>
